[0.083s] DEBUG:colcon:Command line arguments: ['/usr/bin/colcon', 'build', '--symlink-install']
[0.083s] DEBUG:colcon:Parsed command line arguments: Namespace(log_base=None, log_level=None, verb_name='build', build_base='build', install_base='install', merge_install=False, symlink_install=True, test_result_base=None, continue_on_error=False, executor='parallel', parallel_workers=16, event_handlers=None, ignore_user_meta=False, metas=['./colcon.meta'], base_paths=['.'], packages_ignore=None, packages_ignore_regex=None, paths=None, packages_up_to=None, packages_up_to_regex=None, packages_above=None, packages_above_and_dependencies=None, packages_above_depth=None, packages_select_by_dep=None, packages_skip_by_dep=None, packages_skip_up_to=None, packages_select_build_failed=False, packages_skip_build_finished=False, packages_select_test_failures=False, packages_skip_test_passed=False, packages_select=None, packages_skip=None, packages_select_regex=None, packages_skip_regex=None, packages_start=None, packages_end=None, allow_overriding=[], cmake_args=None, cmake_target=None, cmake_target_skip_unavailable=False, cmake_clean_cache=False, cmake_clean_first=False, cmake_force_configure=False, ament_cmake_args=None, catkin_cmake_args=None, catkin_skip_building_tests=False, mixin_files=None, mixin=None, verb_parser=<colcon_mixin.mixin.mixin_argument.MixinArgumentDecorator object at 0x7bdccd36e500>, verb_extension=<colcon_core.verb.build.BuildVerb object at 0x7bdccd36df90>, main=<bound method BuildVerb.main of <colcon_core.verb.build.BuildVerb object at 0x7bdccd36df90>>, mixin_verb=('build',))
[0.195s] Level 1:colcon.colcon_core.package_discovery:discover_packages(colcon_meta) check parameters
[0.195s] Level 1:colcon.colcon_core.package_discovery:discover_packages(recursive) check parameters
[0.195s] Level 1:colcon.colcon_core.package_discovery:discover_packages(ignore) check parameters
[0.195s] Level 1:colcon.colcon_core.package_discovery:discover_packages(path) check parameters
[0.195s] Level 1:colcon.colcon_core.package_discovery:discover_packages(colcon_meta) discover
[0.195s] Level 1:colcon.colcon_core.package_discovery:discover_packages(recursive) discover
[0.195s] INFO:colcon.colcon_core.package_discovery:Crawling recursively for packages in '/home/ryan/dev/work/dev_ws/src/auto_bot'
[0.195s] Level 1:colcon.colcon_core.package_identification:_identify(.) by extensions ['ignore', 'ignore_ament_install']
[0.195s] Level 1:colcon.colcon_core.package_identification:_identify(.) by extension 'ignore'
[0.195s] Level 1:colcon.colcon_core.package_identification:_identify(.) by extension 'ignore_ament_install'
[0.195s] Level 1:colcon.colcon_core.package_identification:_identify(.) by extensions ['colcon_pkg']
[0.195s] Level 1:colcon.colcon_core.package_identification:_identify(.) by extension 'colcon_pkg'
[0.195s] Level 1:colcon.colcon_core.package_identification:_identify(.) by extensions ['colcon_meta']
[0.195s] Level 1:colcon.colcon_core.package_identification:_identify(.) by extension 'colcon_meta'
[0.195s] Level 1:colcon.colcon_core.package_identification:_identify(.) by extensions ['ros']
[0.195s] Level 1:colcon.colcon_core.package_identification:_identify(.) by extension 'ros'
[0.204s] DEBUG:colcon.colcon_core.package_identification:Package '.' with type 'ros.ament_cmake' and name 'auto_bot'
[0.204s] Level 1:colcon.colcon_core.package_discovery:discover_packages(recursive) using defaults
[0.205s] Level 1:colcon.colcon_core.package_discovery:discover_packages(ignore) discover
[0.205s] Level 1:colcon.colcon_core.package_discovery:discover_packages(ignore) using defaults
[0.205s] Level 1:colcon.colcon_core.package_discovery:discover_packages(path) discover
[0.205s] Level 1:colcon.colcon_core.package_discovery:discover_packages(path) using defaults
[0.225s] Level 1:colcon.colcon_core.package_discovery:discover_packages(prefix_path) check parameters
[0.225s] Level 1:colcon.colcon_core.package_discovery:discover_packages(prefix_path) discover
[0.228s] DEBUG:colcon.colcon_installed_package_information.package_discovery:Found 1 installed packages in /home/ryan/dev/work/dev_ws/install
[0.228s] DEBUG:colcon.colcon_installed_package_information.package_discovery:Found 13 installed packages in /home/ryan/dev/work/Rover_2023_2024/software/install
[0.229s] DEBUG:colcon.colcon_installed_package_information.package_discovery:Found 1 installed packages in /home/ryan/dev/work/Rover-Unity/ros2_ws/install
[0.230s] DEBUG:colcon.colcon_installed_package_information.package_discovery:Found 19 installed packages in /home/ryan/ros2_ws/install
[0.231s] DEBUG:colcon.colcon_installed_package_information.package_discovery:Found 55 installed packages in /home/ryan/ws_moveit/install
[0.233s] DEBUG:colcon.colcon_installed_package_information.package_discovery:Found 445 installed packages in /opt/ros/humble
[0.234s] Level 1:colcon.colcon_core.package_discovery:discover_packages(prefix_path) using defaults
[0.270s] Level 5:colcon.colcon_core.verb:set package 'auto_bot' build argument 'cmake_args' from command line to 'None'
[0.271s] Level 5:colcon.colcon_core.verb:set package 'auto_bot' build argument 'cmake_target' from command line to 'None'
[0.271s] Level 5:colcon.colcon_core.verb:set package 'auto_bot' build argument 'cmake_target_skip_unavailable' from command line to 'False'
[0.271s] Level 5:colcon.colcon_core.verb:set package 'auto_bot' build argument 'cmake_clean_cache' from command line to 'False'
[0.271s] Level 5:colcon.colcon_core.verb:set package 'auto_bot' build argument 'cmake_clean_first' from command line to 'False'
[0.271s] Level 5:colcon.colcon_core.verb:set package 'auto_bot' build argument 'cmake_force_configure' from command line to 'False'
[0.271s] Level 5:colcon.colcon_core.verb:set package 'auto_bot' build argument 'ament_cmake_args' from command line to 'None'
[0.271s] Level 5:colcon.colcon_core.verb:set package 'auto_bot' build argument 'catkin_cmake_args' from command line to 'None'
[0.271s] Level 5:colcon.colcon_core.verb:set package 'auto_bot' build argument 'catkin_skip_building_tests' from command line to 'False'
[0.271s] DEBUG:colcon.colcon_core.verb:Building package 'auto_bot' with the following arguments: {'ament_cmake_args': None, 'build_base': '/home/ryan/dev/work/dev_ws/src/auto_bot/build/auto_bot', 'catkin_cmake_args': None, 'catkin_skip_building_tests': False, 'cmake_args': None, 'cmake_clean_cache': False, 'cmake_clean_first': False, 'cmake_force_configure': False, 'cmake_target': None, 'cmake_target_skip_unavailable': False, 'install_base': '/home/ryan/dev/work/dev_ws/src/auto_bot/install/auto_bot', 'merge_install': False, 'path': '/home/ryan/dev/work/dev_ws/src/auto_bot', 'symlink_install': True, 'test_result_base': None}
[0.271s] INFO:colcon.colcon_core.executor:Executing jobs using 'parallel' executor
[0.272s] DEBUG:colcon.colcon_parallel_executor.executor.parallel:run_until_complete
[0.272s] INFO:colcon.colcon_ros.task.ament_cmake.build:Building ROS package in '/home/ryan/dev/work/dev_ws/src/auto_bot' with build type 'ament_cmake'
[0.272s] INFO:colcon.colcon_cmake.task.cmake.build:Building CMake package in '/home/ryan/dev/work/dev_ws/src/auto_bot'
[0.274s] INFO:colcon.colcon_core.plugin_system:Skipping extension 'colcon_core.shell.bat': Not used on non-Windows systems
[0.274s] INFO:colcon.colcon_core.shell:Skip shell extension 'powershell' for command environment: Not usable outside of PowerShell
[0.274s] DEBUG:colcon.colcon_core.shell:Skip shell extension 'dsv' for command environment
[0.289s] DEBUG:colcon.colcon_core.event_handler.log_command:Invoking command in '/home/ryan/dev/work/dev_ws/src/auto_bot/build/auto_bot': CMAKE_PREFIX_PATH=${CMAKE_PREFIX_PATH}:/home/ryan/ros2_ws/install/examples_rclpy_minimal_action_client:/home/ryan/ros2_ws/install/examples_rclpy_guard_conditions:/home/ryan/ros2_ws/install/examples_rclpy_executors:/home/ryan/dev/work/Rover_2023_2024/software/install/rover2_status:/home/ryan/dev/work/Rover_2023_2024/software/install/rover2_odometry:/home/ryan/dev/work/Rover_2023_2024/software/install/rover2_main:/home/ryan/dev/work/Rover_2023_2024/software/install/rover2_control:/home/ryan/dev/work/Rover-Unity/ros2_ws/install/py_pubsub:/home/ryan/ws_moveit/install/moveit_configs_utils:/home/ryan/ws_moveit/install/launch_param_builder:/opt/ros/humble /usr/bin/cmake --build /home/ryan/dev/work/dev_ws/src/auto_bot/build/auto_bot -- -j16 -l16
[0.357s] DEBUG:colcon.colcon_core.event_handler.log_command:Invoked command in '/home/ryan/dev/work/dev_ws/src/auto_bot/build/auto_bot' returned '0': CMAKE_PREFIX_PATH=${CMAKE_PREFIX_PATH}:/home/ryan/ros2_ws/install/examples_rclpy_minimal_action_client:/home/ryan/ros2_ws/install/examples_rclpy_guard_conditions:/home/ryan/ros2_ws/install/examples_rclpy_executors:/home/ryan/dev/work/Rover_2023_2024/software/install/rover2_status:/home/ryan/dev/work/Rover_2023_2024/software/install/rover2_odometry:/home/ryan/dev/work/Rover_2023_2024/software/install/rover2_main:/home/ryan/dev/work/Rover_2023_2024/software/install/rover2_control:/home/ryan/dev/work/Rover-Unity/ros2_ws/install/py_pubsub:/home/ryan/ws_moveit/install/moveit_configs_utils:/home/ryan/ws_moveit/install/launch_param_builder:/opt/ros/humble /usr/bin/cmake --build /home/ryan/dev/work/dev_ws/src/auto_bot/build/auto_bot -- -j16 -l16
[0.373s] DEBUG:colcon.colcon_core.event_handler.log_command:Invoking command in '/home/ryan/dev/work/dev_ws/src/auto_bot/build/auto_bot': CMAKE_PREFIX_PATH=${CMAKE_PREFIX_PATH}:/home/ryan/ros2_ws/install/examples_rclpy_minimal_action_client:/home/ryan/ros2_ws/install/examples_rclpy_guard_conditions:/home/ryan/ros2_ws/install/examples_rclpy_executors:/home/ryan/dev/work/Rover_2023_2024/software/install/rover2_status:/home/ryan/dev/work/Rover_2023_2024/software/install/rover2_odometry:/home/ryan/dev/work/Rover_2023_2024/software/install/rover2_main:/home/ryan/dev/work/Rover_2023_2024/software/install/rover2_control:/home/ryan/dev/work/Rover-Unity/ros2_ws/install/py_pubsub:/home/ryan/ws_moveit/install/moveit_configs_utils:/home/ryan/ws_moveit/install/launch_param_builder:/opt/ros/humble /usr/bin/cmake --install /home/ryan/dev/work/dev_ws/src/auto_bot/build/auto_bot
[0.402s] Level 1:colcon.colcon_core.environment:create_environment_scripts_only(auto_bot)
[0.403s] DEBUG:colcon.colcon_core.event_handler.log_command:Invoked command in '/home/ryan/dev/work/dev_ws/src/auto_bot/build/auto_bot' returned '0': CMAKE_PREFIX_PATH=${CMAKE_PREFIX_PATH}:/home/ryan/ros2_ws/install/examples_rclpy_minimal_action_client:/home/ryan/ros2_ws/install/examples_rclpy_guard_conditions:/home/ryan/ros2_ws/install/examples_rclpy_executors:/home/ryan/dev/work/Rover_2023_2024/software/install/rover2_status:/home/ryan/dev/work/Rover_2023_2024/software/install/rover2_odometry:/home/ryan/dev/work/Rover_2023_2024/software/install/rover2_main:/home/ryan/dev/work/Rover_2023_2024/software/install/rover2_control:/home/ryan/dev/work/Rover-Unity/ros2_ws/install/py_pubsub:/home/ryan/ws_moveit/install/moveit_configs_utils:/home/ryan/ws_moveit/install/launch_param_builder:/opt/ros/humble /usr/bin/cmake --install /home/ryan/dev/work/dev_ws/src/auto_bot/build/auto_bot
[0.406s] Level 1:colcon.colcon_core.environment:checking '/home/ryan/dev/work/dev_ws/src/auto_bot/install/auto_bot' for CMake module files
[0.407s] Level 1:colcon.colcon_core.environment:checking '/home/ryan/dev/work/dev_ws/src/auto_bot/install/auto_bot' for CMake config files
[0.407s] Level 1:colcon.colcon_core.shell:create_environment_hook('auto_bot', 'cmake_prefix_path')
[0.408s] INFO:colcon.colcon_core.shell:Creating environment hook '/home/ryan/dev/work/dev_ws/src/auto_bot/install/auto_bot/share/auto_bot/hook/cmake_prefix_path.ps1'
[0.409s] INFO:colcon.colcon_core.shell:Creating environment descriptor '/home/ryan/dev/work/dev_ws/src/auto_bot/install/auto_bot/share/auto_bot/hook/cmake_prefix_path.dsv'
[0.409s] INFO:colcon.colcon_core.shell:Creating environment hook '/home/ryan/dev/work/dev_ws/src/auto_bot/install/auto_bot/share/auto_bot/hook/cmake_prefix_path.sh'
[0.410s] Level 1:colcon.colcon_core.environment:checking '/home/ryan/dev/work/dev_ws/src/auto_bot/install/auto_bot/bin'
[0.410s] Level 1:colcon.colcon_core.environment:checking '/home/ryan/dev/work/dev_ws/src/auto_bot/install/auto_bot/lib/pkgconfig/auto_bot.pc'
[0.410s] Level 1:colcon.colcon_core.environment:checking '/home/ryan/dev/work/dev_ws/src/auto_bot/install/auto_bot/lib/python3.10/site-packages'
[0.411s] Level 1:colcon.colcon_core.environment:checking '/home/ryan/dev/work/dev_ws/src/auto_bot/install/auto_bot/bin'
[0.411s] INFO:colcon.colcon_core.shell:Creating package script '/home/ryan/dev/work/dev_ws/src/auto_bot/install/auto_bot/share/auto_bot/package.ps1'
[0.412s] INFO:colcon.colcon_core.shell:Creating package descriptor '/home/ryan/dev/work/dev_ws/src/auto_bot/install/auto_bot/share/auto_bot/package.dsv'
[0.412s] INFO:colcon.colcon_core.shell:Creating package script '/home/ryan/dev/work/dev_ws/src/auto_bot/install/auto_bot/share/auto_bot/package.sh'
[0.413s] INFO:colcon.colcon_core.shell:Creating package script '/home/ryan/dev/work/dev_ws/src/auto_bot/install/auto_bot/share/auto_bot/package.bash'
[0.413s] INFO:colcon.colcon_core.shell:Creating package script '/home/ryan/dev/work/dev_ws/src/auto_bot/install/auto_bot/share/auto_bot/package.zsh'
[0.414s] Level 1:colcon.colcon_core.environment:create_file_with_runtime_dependencies(/home/ryan/dev/work/dev_ws/src/auto_bot/install/auto_bot/share/colcon-core/packages/auto_bot)
[0.414s] Level 1:colcon.colcon_core.environment:create_environment_scripts_only(auto_bot)
[0.414s] Level 1:colcon.colcon_core.environment:checking '/home/ryan/dev/work/dev_ws/src/auto_bot/install/auto_bot' for CMake module files
[0.414s] Level 1:colcon.colcon_core.environment:checking '/home/ryan/dev/work/dev_ws/src/auto_bot/install/auto_bot' for CMake config files
[0.415s] Level 1:colcon.colcon_core.shell:create_environment_hook('auto_bot', 'cmake_prefix_path')
[0.415s] INFO:colcon.colcon_core.shell:Creating environment hook '/home/ryan/dev/work/dev_ws/src/auto_bot/install/auto_bot/share/auto_bot/hook/cmake_prefix_path.ps1'
[0.415s] INFO:colcon.colcon_core.shell:Creating environment descriptor '/home/ryan/dev/work/dev_ws/src/auto_bot/install/auto_bot/share/auto_bot/hook/cmake_prefix_path.dsv'
[0.415s] INFO:colcon.colcon_core.shell:Creating environment hook '/home/ryan/dev/work/dev_ws/src/auto_bot/install/auto_bot/share/auto_bot/hook/cmake_prefix_path.sh'
[0.415s] Level 1:colcon.colcon_core.environment:checking '/home/ryan/dev/work/dev_ws/src/auto_bot/install/auto_bot/bin'
[0.415s] Level 1:colcon.colcon_core.environment:checking '/home/ryan/dev/work/dev_ws/src/auto_bot/install/auto_bot/lib/pkgconfig/auto_bot.pc'
[0.416s] Level 1:colcon.colcon_core.environment:checking '/home/ryan/dev/work/dev_ws/src/auto_bot/install/auto_bot/lib/python3.10/site-packages'
[0.416s] Level 1:colcon.colcon_core.environment:checking '/home/ryan/dev/work/dev_ws/src/auto_bot/install/auto_bot/bin'
[0.416s] INFO:colcon.colcon_core.shell:Creating package script '/home/ryan/dev/work/dev_ws/src/auto_bot/install/auto_bot/share/auto_bot/package.ps1'
[0.416s] INFO:colcon.colcon_core.shell:Creating package descriptor '/home/ryan/dev/work/dev_ws/src/auto_bot/install/auto_bot/share/auto_bot/package.dsv'
[0.416s] INFO:colcon.colcon_core.shell:Creating package script '/home/ryan/dev/work/dev_ws/src/auto_bot/install/auto_bot/share/auto_bot/package.sh'
[0.417s] INFO:colcon.colcon_core.shell:Creating package script '/home/ryan/dev/work/dev_ws/src/auto_bot/install/auto_bot/share/auto_bot/package.bash'
[0.417s] INFO:colcon.colcon_core.shell:Creating package script '/home/ryan/dev/work/dev_ws/src/auto_bot/install/auto_bot/share/auto_bot/package.zsh'
[0.417s] Level 1:colcon.colcon_core.environment:create_file_with_runtime_dependencies(/home/ryan/dev/work/dev_ws/src/auto_bot/install/auto_bot/share/colcon-core/packages/auto_bot)
[0.417s] DEBUG:colcon.colcon_parallel_executor.executor.parallel:closing loop
[0.418s] DEBUG:colcon.colcon_parallel_executor.executor.parallel:loop closed
[0.418s] DEBUG:colcon.colcon_parallel_executor.executor.parallel:run_until_complete finished with '0'
[0.418s] DEBUG:colcon.colcon_core.event_reactor:joining thread
[0.424s] INFO:colcon.colcon_core.plugin_system:Skipping extension 'colcon_notification.desktop_notification.terminal_notifier': Not used on non-Darwin systems
[0.424s] INFO:colcon.colcon_core.plugin_system:Skipping extension 'colcon_notification.desktop_notification.win32': Not used on non-Windows systems
[0.424s] INFO:colcon.colcon_notification.desktop_notification:Sending desktop notification using 'notify2'
[0.446s] DEBUG:colcon.colcon_core.event_reactor:joined thread
[0.447s] INFO:colcon.colcon_core.shell:Creating prefix script '/home/ryan/dev/work/dev_ws/src/auto_bot/install/local_setup.ps1'
[0.448s] INFO:colcon.colcon_core.shell:Creating prefix util module '/home/ryan/dev/work/dev_ws/src/auto_bot/install/_local_setup_util_ps1.py'
[0.450s] INFO:colcon.colcon_core.shell:Creating prefix chain script '/home/ryan/dev/work/dev_ws/src/auto_bot/install/setup.ps1'
[0.454s] INFO:colcon.colcon_core.shell:Creating prefix script '/home/ryan/dev/work/dev_ws/src/auto_bot/install/local_setup.sh'
[0.455s] INFO:colcon.colcon_core.shell:Creating prefix util module '/home/ryan/dev/work/dev_ws/src/auto_bot/install/_local_setup_util_sh.py'
[0.455s] INFO:colcon.colcon_core.shell:Creating prefix chain script '/home/ryan/dev/work/dev_ws/src/auto_bot/install/setup.sh'
[0.458s] INFO:colcon.colcon_core.shell:Creating prefix script '/home/ryan/dev/work/dev_ws/src/auto_bot/install/local_setup.bash'
[0.459s] INFO:colcon.colcon_core.shell:Creating prefix chain script '/home/ryan/dev/work/dev_ws/src/auto_bot/install/setup.bash'
[0.461s] INFO:colcon.colcon_core.shell:Creating prefix script '/home/ryan/dev/work/dev_ws/src/auto_bot/install/local_setup.zsh'
[0.461s] INFO:colcon.colcon_core.shell:Creating prefix chain script '/home/ryan/dev/work/dev_ws/src/auto_bot/install/setup.zsh'
