[0.013s] Invoking command in '/home/ryan/dev/work/dev_ws/src/auto_bot/build/auto_bot': CMAKE_PREFIX_PATH=${CMAKE_PREFIX_PATH}:/home/ryan/ros2_ws/install/examples_rclpy_minimal_action_client:/home/ryan/ros2_ws/install/examples_rclpy_guard_conditions:/home/ryan/ros2_ws/install/examples_rclpy_executors:/home/ryan/dev/work/Rover_2023_2024/software/install/rover2_status:/home/ryan/dev/work/Rover_2023_2024/software/install/rover2_odometry:/home/ryan/dev/work/Rover_2023_2024/software/install/rover2_main:/home/ryan/dev/work/Rover_2023_2024/software/install/rover2_control:/home/ryan/dev/work/Rover-Unity/ros2_ws/install/py_pubsub:/home/ryan/ws_moveit/install/moveit_configs_utils:/home/ryan/ws_moveit/install/launch_param_builder:/opt/ros/humble /usr/bin/cmake /home/ryan/dev/work/dev_ws/src/auto_bot -DAMENT_CMAKE_SYMLINK_INSTALL=1 -DCMAKE_INSTALL_PREFIX=/home/ryan/dev/work/dev_ws/src/auto_bot/install/auto_bot
[0.086s] -- The C compiler identification is GNU 11.4.0
[0.158s] -- The CXX compiler identification is GNU 11.4.0
[0.165s] -- Detecting C compiler ABI info
[0.269s] -- Detecting C compiler ABI info - done
[0.274s] -- Check for working C compiler: /usr/bin/cc - skipped
[0.274s] -- Detecting C compile features
[0.274s] -- Detecting C compile features - done
[0.276s] -- Detecting CXX compiler ABI info
[0.387s] -- Detecting CXX compiler ABI info - done
[0.396s] -- Check for working CXX compiler: /usr/bin/c++ - skipped
[0.396s] -- Detecting CXX compile features
[0.397s] -- Detecting CXX compile features - done
[0.402s] -- Found ament_cmake: 1.3.12 (/opt/ros/humble/share/ament_cmake/cmake)
[0.570s] -- Found Python3: /usr/bin/python3 (found version "3.10.12") found components: Interpreter 
[0.625s] -- Override CMake install command with custom implementation using symlinks instead of copying resources
[0.705s] -- Found ament_lint_auto: 0.12.14 (/opt/ros/humble/share/ament_lint_auto/cmake)
[0.815s] -- Added test 'copyright' to check source files copyright and LICENSE
[0.820s] -- Added test 'cppcheck' to perform static code analysis on C / C++ code
[0.820s] -- Configured cppcheck include dirs: 
[0.820s] -- Configured cppcheck exclude dirs and/or files: 
[0.824s] -- Added test 'cpplint' to check C / C++ code against the Google style
[0.824s] -- Configured cpplint exclude dirs and/or files: 
[0.826s] -- Added test 'flake8' to check Python code syntax and style conventions
[0.828s] -- Added test 'lint_cmake' to check CMake code style
[0.829s] -- Added test 'pep257' to check Python code against some of the docstring style conventions in PEP 257
[0.834s] -- Added test 'uncrustify' to check C / C++ code style
[0.834s] -- Configured uncrustify additional arguments: 
[0.835s] -- Added test 'xmllint' to check XML markup files
[0.837s] -- Configuring done
[0.839s] -- Generating done
[0.840s] -- Build files have been written to: /home/ryan/dev/work/dev_ws/src/auto_bot/build/auto_bot
[0.844s] Invoked command in '/home/ryan/dev/work/dev_ws/src/auto_bot/build/auto_bot' returned '0': CMAKE_PREFIX_PATH=${CMAKE_PREFIX_PATH}:/home/ryan/ros2_ws/install/examples_rclpy_minimal_action_client:/home/ryan/ros2_ws/install/examples_rclpy_guard_conditions:/home/ryan/ros2_ws/install/examples_rclpy_executors:/home/ryan/dev/work/Rover_2023_2024/software/install/rover2_status:/home/ryan/dev/work/Rover_2023_2024/software/install/rover2_odometry:/home/ryan/dev/work/Rover_2023_2024/software/install/rover2_main:/home/ryan/dev/work/Rover_2023_2024/software/install/rover2_control:/home/ryan/dev/work/Rover-Unity/ros2_ws/install/py_pubsub:/home/ryan/ws_moveit/install/moveit_configs_utils:/home/ryan/ws_moveit/install/launch_param_builder:/opt/ros/humble /usr/bin/cmake /home/ryan/dev/work/dev_ws/src/auto_bot -DAMENT_CMAKE_SYMLINK_INSTALL=1 -DCMAKE_INSTALL_PREFIX=/home/ryan/dev/work/dev_ws/src/auto_bot/install/auto_bot
[0.847s] Invoking command in '/home/ryan/dev/work/dev_ws/src/auto_bot/build/auto_bot': CMAKE_PREFIX_PATH=${CMAKE_PREFIX_PATH}:/home/ryan/ros2_ws/install/examples_rclpy_minimal_action_client:/home/ryan/ros2_ws/install/examples_rclpy_guard_conditions:/home/ryan/ros2_ws/install/examples_rclpy_executors:/home/ryan/dev/work/Rover_2023_2024/software/install/rover2_status:/home/ryan/dev/work/Rover_2023_2024/software/install/rover2_odometry:/home/ryan/dev/work/Rover_2023_2024/software/install/rover2_main:/home/ryan/dev/work/Rover_2023_2024/software/install/rover2_control:/home/ryan/dev/work/Rover-Unity/ros2_ws/install/py_pubsub:/home/ryan/ws_moveit/install/moveit_configs_utils:/home/ryan/ws_moveit/install/launch_param_builder:/opt/ros/humble /usr/bin/cmake --build /home/ryan/dev/work/dev_ws/src/auto_bot/build/auto_bot -- -j16 -l16
[0.906s] Invoked command in '/home/ryan/dev/work/dev_ws/src/auto_bot/build/auto_bot' returned '0': CMAKE_PREFIX_PATH=${CMAKE_PREFIX_PATH}:/home/ryan/ros2_ws/install/examples_rclpy_minimal_action_client:/home/ryan/ros2_ws/install/examples_rclpy_guard_conditions:/home/ryan/ros2_ws/install/examples_rclpy_executors:/home/ryan/dev/work/Rover_2023_2024/software/install/rover2_status:/home/ryan/dev/work/Rover_2023_2024/software/install/rover2_odometry:/home/ryan/dev/work/Rover_2023_2024/software/install/rover2_main:/home/ryan/dev/work/Rover_2023_2024/software/install/rover2_control:/home/ryan/dev/work/Rover-Unity/ros2_ws/install/py_pubsub:/home/ryan/ws_moveit/install/moveit_configs_utils:/home/ryan/ws_moveit/install/launch_param_builder:/opt/ros/humble /usr/bin/cmake --build /home/ryan/dev/work/dev_ws/src/auto_bot/build/auto_bot -- -j16 -l16
[0.919s] Invoking command in '/home/ryan/dev/work/dev_ws/src/auto_bot/build/auto_bot': CMAKE_PREFIX_PATH=${CMAKE_PREFIX_PATH}:/home/ryan/ros2_ws/install/examples_rclpy_minimal_action_client:/home/ryan/ros2_ws/install/examples_rclpy_guard_conditions:/home/ryan/ros2_ws/install/examples_rclpy_executors:/home/ryan/dev/work/Rover_2023_2024/software/install/rover2_status:/home/ryan/dev/work/Rover_2023_2024/software/install/rover2_odometry:/home/ryan/dev/work/Rover_2023_2024/software/install/rover2_main:/home/ryan/dev/work/Rover_2023_2024/software/install/rover2_control:/home/ryan/dev/work/Rover-Unity/ros2_ws/install/py_pubsub:/home/ryan/ws_moveit/install/moveit_configs_utils:/home/ryan/ws_moveit/install/launch_param_builder:/opt/ros/humble /usr/bin/cmake --install /home/ryan/dev/work/dev_ws/src/auto_bot/build/auto_bot
[0.929s] -- Install configuration: ""
[0.930s] -- Execute custom install script
[0.930s] -- Symlinking: /home/ryan/dev/work/dev_ws/src/auto_bot/install/auto_bot/share/auto_bot/config/bot_view.rviz
[0.940s] -- Symlinking: /home/ryan/dev/work/dev_ws/src/auto_bot/install/auto_bot/share/auto_bot/config/empty.yaml
[0.952s] -- Symlinking: /home/ryan/dev/work/dev_ws/src/auto_bot/install/auto_bot/share/auto_bot/description/inertial_macros.xacro
[0.963s] -- Symlinking: /home/ryan/dev/work/dev_ws/src/auto_bot/install/auto_bot/share/auto_bot/description/robot.urdf.xacro
[0.975s] -- Symlinking: /home/ryan/dev/work/dev_ws/src/auto_bot/install/auto_bot/share/auto_bot/description/robot_core.xacro
[0.987s] -- Symlinking: /home/ryan/dev/work/dev_ws/src/auto_bot/install/auto_bot/share/auto_bot/launch/launch_sim.launch.py
[1.000s] -- Symlinking: /home/ryan/dev/work/dev_ws/src/auto_bot/install/auto_bot/share/auto_bot/launch/rsp.launch.py
[1.014s] -- Symlinking: /home/ryan/dev/work/dev_ws/src/auto_bot/install/auto_bot/share/auto_bot/worlds/empty.world
[1.028s] -- Symlinking: /home/ryan/dev/work/dev_ws/src/auto_bot/install/auto_bot/share/ament_index/resource_index/package_run_dependencies/auto_bot
[1.047s] -- Symlinking: /home/ryan/dev/work/dev_ws/src/auto_bot/install/auto_bot/share/ament_index/resource_index/parent_prefix_path/auto_bot
[1.063s] -- Symlinking: /home/ryan/dev/work/dev_ws/src/auto_bot/install/auto_bot/share/auto_bot/environment/ament_prefix_path.sh
[1.080s] -- Symlinking: /home/ryan/dev/work/dev_ws/src/auto_bot/install/auto_bot/share/auto_bot/environment/ament_prefix_path.dsv
[1.097s] -- Symlinking: /home/ryan/dev/work/dev_ws/src/auto_bot/install/auto_bot/share/auto_bot/environment/path.sh
[1.114s] -- Symlinking: /home/ryan/dev/work/dev_ws/src/auto_bot/install/auto_bot/share/auto_bot/environment/path.dsv
[1.135s] -- Symlinking: /home/ryan/dev/work/dev_ws/src/auto_bot/install/auto_bot/share/auto_bot/local_setup.bash
[1.152s] -- Symlinking: /home/ryan/dev/work/dev_ws/src/auto_bot/install/auto_bot/share/auto_bot/local_setup.sh
[1.167s] -- Symlinking: /home/ryan/dev/work/dev_ws/src/auto_bot/install/auto_bot/share/auto_bot/local_setup.zsh
[1.179s] -- Symlinking: /home/ryan/dev/work/dev_ws/src/auto_bot/install/auto_bot/share/auto_bot/local_setup.dsv
[1.190s] -- Symlinking: /home/ryan/dev/work/dev_ws/src/auto_bot/install/auto_bot/share/auto_bot/package.dsv
[1.203s] -- Symlinking: /home/ryan/dev/work/dev_ws/src/auto_bot/install/auto_bot/share/ament_index/resource_index/packages/auto_bot
[1.216s] -- Symlinking: /home/ryan/dev/work/dev_ws/src/auto_bot/install/auto_bot/share/auto_bot/cmake/auto_botConfig.cmake
[1.227s] -- Symlinking: /home/ryan/dev/work/dev_ws/src/auto_bot/install/auto_bot/share/auto_bot/cmake/auto_botConfig-version.cmake
[1.238s] -- Symlinking: /home/ryan/dev/work/dev_ws/src/auto_bot/install/auto_bot/share/auto_bot/package.xml
[1.251s] Invoked command in '/home/ryan/dev/work/dev_ws/src/auto_bot/build/auto_bot' returned '0': CMAKE_PREFIX_PATH=${CMAKE_PREFIX_PATH}:/home/ryan/ros2_ws/install/examples_rclpy_minimal_action_client:/home/ryan/ros2_ws/install/examples_rclpy_guard_conditions:/home/ryan/ros2_ws/install/examples_rclpy_executors:/home/ryan/dev/work/Rover_2023_2024/software/install/rover2_status:/home/ryan/dev/work/Rover_2023_2024/software/install/rover2_odometry:/home/ryan/dev/work/Rover_2023_2024/software/install/rover2_main:/home/ryan/dev/work/Rover_2023_2024/software/install/rover2_control:/home/ryan/dev/work/Rover-Unity/ros2_ws/install/py_pubsub:/home/ryan/ws_moveit/install/moveit_configs_utils:/home/ryan/ws_moveit/install/launch_param_builder:/opt/ros/humble /usr/bin/cmake --install /home/ryan/dev/work/dev_ws/src/auto_bot/build/auto_bot
