[0.016s] Invoking command in '/home/ryan/dev/work/dev_ws/src/auto_bot/build/auto_bot': CMAKE_PREFIX_PATH=${CMAKE_PREFIX_PATH}:/home/ryan/ros2_ws/install/examples_rclpy_minimal_action_client:/home/ryan/ros2_ws/install/examples_rclpy_guard_conditions:/home/ryan/ros2_ws/install/examples_rclpy_executors:/home/ryan/dev/work/Rover_2023_2024/software/install/rover2_status:/home/ryan/dev/work/Rover_2023_2024/software/install/rover2_odometry:/home/ryan/dev/work/Rover_2023_2024/software/install/rover2_main:/home/ryan/dev/work/Rover_2023_2024/software/install/rover2_control:/home/ryan/dev/work/Rover-Unity/ros2_ws/install/py_pubsub:/home/ryan/ws_moveit/install/moveit_configs_utils:/home/ryan/ws_moveit/install/launch_param_builder:/opt/ros/humble /usr/bin/cmake --build /home/ryan/dev/work/dev_ws/src/auto_bot/build/auto_bot -- -j16 -l16
[0.085s] Invoked command in '/home/ryan/dev/work/dev_ws/src/auto_bot/build/auto_bot' returned '0': CMAKE_PREFIX_PATH=${CMAKE_PREFIX_PATH}:/home/ryan/ros2_ws/install/examples_rclpy_minimal_action_client:/home/ryan/ros2_ws/install/examples_rclpy_guard_conditions:/home/ryan/ros2_ws/install/examples_rclpy_executors:/home/ryan/dev/work/Rover_2023_2024/software/install/rover2_status:/home/ryan/dev/work/Rover_2023_2024/software/install/rover2_odometry:/home/ryan/dev/work/Rover_2023_2024/software/install/rover2_main:/home/ryan/dev/work/Rover_2023_2024/software/install/rover2_control:/home/ryan/dev/work/Rover-Unity/ros2_ws/install/py_pubsub:/home/ryan/ws_moveit/install/moveit_configs_utils:/home/ryan/ws_moveit/install/launch_param_builder:/opt/ros/humble /usr/bin/cmake --build /home/ryan/dev/work/dev_ws/src/auto_bot/build/auto_bot -- -j16 -l16
[0.101s] Invoking command in '/home/ryan/dev/work/dev_ws/src/auto_bot/build/auto_bot': CMAKE_PREFIX_PATH=${CMAKE_PREFIX_PATH}:/home/ryan/ros2_ws/install/examples_rclpy_minimal_action_client:/home/ryan/ros2_ws/install/examples_rclpy_guard_conditions:/home/ryan/ros2_ws/install/examples_rclpy_executors:/home/ryan/dev/work/Rover_2023_2024/software/install/rover2_status:/home/ryan/dev/work/Rover_2023_2024/software/install/rover2_odometry:/home/ryan/dev/work/Rover_2023_2024/software/install/rover2_main:/home/ryan/dev/work/Rover_2023_2024/software/install/rover2_control:/home/ryan/dev/work/Rover-Unity/ros2_ws/install/py_pubsub:/home/ryan/ws_moveit/install/moveit_configs_utils:/home/ryan/ws_moveit/install/launch_param_builder:/opt/ros/humble /usr/bin/cmake --install /home/ryan/dev/work/dev_ws/src/auto_bot/build/auto_bot
[0.115s] -- Install configuration: ""
[0.116s] -- Execute custom install script
[0.117s] -- Up-to-date symlink: /home/ryan/dev/work/dev_ws/src/auto_bot/install/auto_bot/share/auto_bot/config/bot_view.rviz
[0.117s] -- Up-to-date symlink: /home/ryan/dev/work/dev_ws/src/auto_bot/install/auto_bot/share/auto_bot/config/empty.yaml
[0.117s] -- Up-to-date symlink: /home/ryan/dev/work/dev_ws/src/auto_bot/install/auto_bot/share/auto_bot/description/inertial_macros.xacro
[0.117s] -- Up-to-date symlink: /home/ryan/dev/work/dev_ws/src/auto_bot/install/auto_bot/share/auto_bot/description/robot.urdf.xacro
[0.117s] -- Up-to-date symlink: /home/ryan/dev/work/dev_ws/src/auto_bot/install/auto_bot/share/auto_bot/description/robot_core.xacro
[0.117s] -- Up-to-date symlink: /home/ryan/dev/work/dev_ws/src/auto_bot/install/auto_bot/share/auto_bot/launch/launch_sim.launch.py
[0.117s] -- Up-to-date symlink: /home/ryan/dev/work/dev_ws/src/auto_bot/install/auto_bot/share/auto_bot/launch/rsp.launch.py
[0.118s] -- Up-to-date symlink: /home/ryan/dev/work/dev_ws/src/auto_bot/install/auto_bot/share/auto_bot/worlds/empty.world
[0.118s] -- Up-to-date symlink: /home/ryan/dev/work/dev_ws/src/auto_bot/install/auto_bot/share/ament_index/resource_index/package_run_dependencies/auto_bot
[0.118s] -- Up-to-date symlink: /home/ryan/dev/work/dev_ws/src/auto_bot/install/auto_bot/share/ament_index/resource_index/parent_prefix_path/auto_bot
[0.118s] -- Up-to-date symlink: /home/ryan/dev/work/dev_ws/src/auto_bot/install/auto_bot/share/auto_bot/environment/ament_prefix_path.sh
[0.118s] -- Up-to-date symlink: /home/ryan/dev/work/dev_ws/src/auto_bot/install/auto_bot/share/auto_bot/environment/ament_prefix_path.dsv
[0.118s] -- Up-to-date symlink: /home/ryan/dev/work/dev_ws/src/auto_bot/install/auto_bot/share/auto_bot/environment/path.sh
[0.118s] -- Up-to-date symlink: /home/ryan/dev/work/dev_ws/src/auto_bot/install/auto_bot/share/auto_bot/environment/path.dsv
[0.118s] -- Up-to-date symlink: /home/ryan/dev/work/dev_ws/src/auto_bot/install/auto_bot/share/auto_bot/local_setup.bash
[0.119s] -- Up-to-date symlink: /home/ryan/dev/work/dev_ws/src/auto_bot/install/auto_bot/share/auto_bot/local_setup.sh
[0.119s] -- Up-to-date symlink: /home/ryan/dev/work/dev_ws/src/auto_bot/install/auto_bot/share/auto_bot/local_setup.zsh
[0.119s] -- Up-to-date symlink: /home/ryan/dev/work/dev_ws/src/auto_bot/install/auto_bot/share/auto_bot/local_setup.dsv
[0.119s] -- Symlinking: /home/ryan/dev/work/dev_ws/src/auto_bot/install/auto_bot/share/auto_bot/package.dsv
[0.128s] -- Up-to-date symlink: /home/ryan/dev/work/dev_ws/src/auto_bot/install/auto_bot/share/ament_index/resource_index/packages/auto_bot
[0.129s] -- Up-to-date symlink: /home/ryan/dev/work/dev_ws/src/auto_bot/install/auto_bot/share/auto_bot/cmake/auto_botConfig.cmake
[0.129s] -- Up-to-date symlink: /home/ryan/dev/work/dev_ws/src/auto_bot/install/auto_bot/share/auto_bot/cmake/auto_botConfig-version.cmake
[0.129s] -- Up-to-date symlink: /home/ryan/dev/work/dev_ws/src/auto_bot/install/auto_bot/share/auto_bot/package.xml
[0.131s] Invoked command in '/home/ryan/dev/work/dev_ws/src/auto_bot/build/auto_bot' returned '0': CMAKE_PREFIX_PATH=${CMAKE_PREFIX_PATH}:/home/ryan/ros2_ws/install/examples_rclpy_minimal_action_client:/home/ryan/ros2_ws/install/examples_rclpy_guard_conditions:/home/ryan/ros2_ws/install/examples_rclpy_executors:/home/ryan/dev/work/Rover_2023_2024/software/install/rover2_status:/home/ryan/dev/work/Rover_2023_2024/software/install/rover2_odometry:/home/ryan/dev/work/Rover_2023_2024/software/install/rover2_main:/home/ryan/dev/work/Rover_2023_2024/software/install/rover2_control:/home/ryan/dev/work/Rover-Unity/ros2_ws/install/py_pubsub:/home/ryan/ws_moveit/install/moveit_configs_utils:/home/ryan/ws_moveit/install/launch_param_builder:/opt/ros/humble /usr/bin/cmake --install /home/ryan/dev/work/dev_ws/src/auto_bot/build/auto_bot
